{
  "RSpec": {
    "coverage": {
      "/Users/student/peterjcole-makers/week-6-database/message-board/spec/database_connection_spec.rb": [
        1,
        null,
        1,
        1,
        2,
        2,
        null,
        1,
        1,
        1,
        null,
        null,
        null,
        1,
        1,
        1,
        1,
        1,
        null,
        null,
        null
      ],
      "/Users/student/peterjcole-makers/week-6-database/message-board/spec/features/message_board_spec.rb": [
        1,
        1,
        1,
        1,
        1,
        1,
        null,
        1,
        1,
        1,
        1,
        0,
        0,
        null,
        null,
        null
      ],
      "/Users/student/peterjcole-makers/week-6-database/message-board/spec/post_spec.rb": [
        1,
        null,
        1,
        null,
        3,
        1,
        1,
        1,
        null,
        null,
        1,
        1,
        1,
        null,
        null,
        1,
        1,
        1,
        2,
        null,
        null,
        null
      ],
      "/Users/student/peterjcole-makers/week-6-database/message-board/lib/post.rb": [
        1,
        null,
        1,
        1,
        1,
        14,
        14,
        null,
        null,
        1,
        4,
        16,
        null,
        null
      ]
    },
    "timestamp": 1559736601
  }
}
